<?xml version="1.0" encoding="UTF-8"?>
<!-- Generated by org.testng.reporters.JUnitReportReporter -->
<testsuite hostname="Neeraj-PC" name="com.testng.TestA" tests="1" failures="0" timestamp="27 Feb 2018 07:41:40 GMT" time="10.705" errors="0">
  <testcase name="testGooglePageTitleInFirefox" time="10.705" classname="com.testng.TestA"/>
</testsuite> <!-- com.testng.TestA -->
