<?xml version="1.0" encoding="UTF-8"?>
<!-- Generated by org.testng.reporters.JUnitReportReporter -->
<testsuite hostname="Neeraj-PC" name="com.testng.TestB" tests="1" failures="0" timestamp="27 Feb 2018 07:41:40 GMT" time="3.339" errors="0">
  <testcase name="testGooglePageTitleInFirefox" time="3.339" classname="com.testng.TestB"/>
</testsuite> <!-- com.testng.TestB -->
