<?xml version="1.0" encoding="UTF-8"?>
<!-- Generated by org.testng.reporters.JUnitReportReporter -->
<testsuite hostname="Neeraj-PC" name="com.testng.TestA" tests="1" failures="0" timestamp="26 Feb 2018 18:58:32 GMT" time="11.989" errors="0">
  <testcase name="testGooglePageTitleInFirefox" time="11.989" classname="com.testng.TestA"/>
</testsuite> <!-- com.testng.TestA -->
