<?xml version="1.0" encoding="UTF-8"?>
<!-- Generated by org.testng.reporters.JUnitReportReporter -->
<testsuite hostname="Neeraj-PC" name="com.testng.TestC" tests="1" failures="0" timestamp="26 Feb 2018 18:58:32 GMT" time="1.907" errors="0">
  <testcase name="testGooglePageTitleInFirefox" time="1.907" classname="com.testng.TestC"/>
</testsuite> <!-- com.testng.TestC -->
